Using pre-set license
Built from '2022.3/release' branch; Version is '2022.3.18f1 (d29bea25151d) revision 13802474'; Using compiler version '192829333'; Build Type 'Release'
OS: 'Windows 10  (10.0.19045) 64bit Enterprise' Language: 'en' Physical Memory: 32683 MB
BatchMode: 1, IsHumanControllingUs: 0, StartBugReporterOnCrash: 0, Is64bit: 1, IsPro: 1

COMMAND LINE ARGUMENTS:
C:\Program Files\Unity\Hub\Editor\2022.3.18f1\Editor\Unity.exe
-adb2
-batchMode
-noUpm
-name
AssetImportWorker2
-projectPath
C:/Users/samantha.shomo/Documents/repo/Wave_FunctionCollapse/Wave Function Collapse
-logFile
Logs/AssetImportWorker2.log
-srvPort
49254
Successfully changed project path to: C:/Users/samantha.shomo/Documents/repo/Wave_FunctionCollapse/Wave Function Collapse
C:/Users/samantha.shomo/Documents/repo/Wave_FunctionCollapse/Wave Function Collapse
[UnityMemory] Configuration Parameters - Can be set up in boot.config
    "memorysetup-bucket-allocator-granularity=16"
    "memorysetup-bucket-allocator-bucket-count=8"
    "memorysetup-bucket-allocator-block-size=33554432"
    "memorysetup-bucket-allocator-block-count=8"
    "memorysetup-main-allocator-block-size=16777216"
    "memorysetup-thread-allocator-block-size=16777216"
    "memorysetup-gfx-main-allocator-block-size=16777216"
    "memorysetup-gfx-thread-allocator-block-size=16777216"
    "memorysetup-cache-allocator-block-size=4194304"
    "memorysetup-typetree-allocator-block-size=2097152"
    "memorysetup-profiler-bucket-allocator-granularity=16"
    "memorysetup-profiler-bucket-allocator-bucket-count=8"
    "memorysetup-profiler-bucket-allocator-block-size=33554432"
    "memorysetup-profiler-bucket-allocator-block-count=8"
    "memorysetup-profiler-allocator-block-size=16777216"
    "memorysetup-profiler-editor-allocator-block-size=1048576"
    "memorysetup-temp-allocator-size-main=16777216"
    "memorysetup-job-temp-allocator-block-size=2097152"
    "memorysetup-job-temp-allocator-block-size-background=1048576"
    "memorysetup-job-temp-allocator-reduction-small-platforms=262144"
    "memorysetup-allocator-temp-initial-block-size-main=262144"
    "memorysetup-allocator-temp-initial-block-size-worker=262144"
    "memorysetup-temp-allocator-size-background-worker=32768"
    "memorysetup-temp-allocator-size-job-worker=262144"
    "memorysetup-temp-allocator-size-preload-manager=33554432"
    "memorysetup-temp-allocator-size-nav-mesh-worker=65536"
    "memorysetup-temp-allocator-size-audio-worker=65536"
    "memorysetup-temp-allocator-size-cloud-worker=32768"
    "memorysetup-temp-allocator-size-gi-baking-worker=262144"
    "memorysetup-temp-allocator-size-gfx=262144"
Player connection [24044] Host "[IP] 216.93.147.114 [Port] 0 [Flags] 2 [Guid] 2965712269 [EditorId] 2965712269 [Version] 1048832 [Id] WindowsEditor(7,F2ND-05) [Debug] 1 [PackageName] WindowsEditor [ProjectName] Editor" joined multi-casting on [225.0.0.222:54997]...

Player connection [24044] Host "[IP] 216.93.147.114 [Port] 0 [Flags] 2 [Guid] 2965712269 [EditorId] 2965712269 [Version] 1048832 [Id] WindowsEditor(7,F2ND-05) [Debug] 1 [PackageName] WindowsEditor [ProjectName] Editor" joined alternative multi-casting on [225.0.0.222:34997]...

[Physics::Module] Initialized MultithreadedJobDispatcher with 11 workers.
Refreshing native plugins compatible for Editor in 26.45 ms, found 4 plugins.
Preloading 0 native plugins for Editor in 0.00 ms.
Initialize engine version: 2022.3.18f1 (d29bea25151d)
[Subsystems] Discovering subsystems at path C:/Program Files/Unity/Hub/Editor/2022.3.18f1/Editor/Data/Resources/UnitySubsystems
[Subsystems] Discovering subsystems at path C:/Users/samantha.shomo/Documents/repo/Wave_FunctionCollapse/Wave Function Collapse/Assets
GfxDevice: creating device client; threaded=0; jobified=0
Direct3D:
    Version:  Direct3D 11.0 [level 11.1]
    Renderer: NVIDIA GeForce GTX 1080 Ti (ID=0x1b06)
    Vendor:   NVIDIA
    VRAM:     11120 MB
    Driver:   31.0.15.3623
Initialize mono
Mono path[0] = 'C:/Program Files/Unity/Hub/Editor/2022.3.18f1/Editor/Data/Managed'
Mono path[1] = 'C:/Program Files/Unity/Hub/Editor/2022.3.18f1/Editor/Data/MonoBleedingEdge/lib/mono/unityjit-win32'
Mono config path = 'C:/Program Files/Unity/Hub/Editor/2022.3.18f1/Editor/Data/MonoBleedingEdge/etc'
Using monoOptions --debugger-agent=transport=dt_socket,embedding=1,server=y,suspend=n,address=127.0.0.1:56608
Begin MonoManager ReloadAssembly
Registering precompiled unity dll's ...
Register platform support module: C:/Program Files/Unity/Hub/Editor/2022.3.18f1/Editor/Data/PlaybackEngines/WindowsStandaloneSupport/UnityEditor.WindowsStandalone.Extensions.dll
Registered in 0.010558 seconds.
- Loaded All Assemblies, in  0.422 seconds
Native extension for WindowsStandalone target not found
Mono: successfully reloaded assembly
- Finished resetting the current domain, in  0.315 seconds
Domain Reload Profiling: 734ms
	BeginReloadAssembly (131ms)
		ExecutionOrderSort (0ms)
		DisableScriptedObjects (0ms)
		BackupInstance (0ms)
		ReleaseScriptingObjects (0ms)
		CreateAndSetChildDomain (1ms)
	RebuildCommonClasses (39ms)
	RebuildNativeTypeToScriptingClass (15ms)
	initialDomainReloadingComplete (74ms)
	LoadAllAssembliesAndSetupDomain (160ms)
		LoadAssemblies (128ms)
		RebuildTransferFunctionScriptingTraits (0ms)
		AnalyzeDomain (157ms)
			TypeCache.Refresh (156ms)
				TypeCache.ScanAssembly (141ms)
			ScanForSourceGeneratedMonoScriptInfo (0ms)
			ResolveRequiredComponents (0ms)
	FinalizeReload (315ms)
		ReleaseScriptCaches (0ms)
		RebuildScriptCaches (0ms)
		SetupLoadedEditorAssemblies (250ms)
			LogAssemblyErrors (0ms)
			InitializePlatformSupportModulesInManaged (13ms)
			SetLoadedEditorAssemblies (7ms)
			RefreshPlugins (0ms)
			BeforeProcessingInitializeOnLoad (3ms)
			ProcessInitializeOnLoadAttributes (171ms)
			ProcessInitializeOnLoadMethodAttributes (57ms)
			AfterProcessingInitializeOnLoad (0ms)
			EditorAssembliesLoaded (0ms)
		ExecutionOrderSort2 (0ms)
		AwakeInstancesAfterBackupRestoration (0ms)
========================================================================
Worker process is ready to serve import requests
Begin MonoManager ReloadAssembly
Symbol file LoadedFromMemory is not a mono symbol file
- Loaded All Assemblies, in  0.950 seconds
Refreshing native plugins compatible for Editor in 16.10 ms, found 4 plugins.
Native extension for WindowsStandalone target not found
Package Manager log level set to [2]
[Package Manager] Server::EnsureServerProcessIsRunning -- launch failed, reason: Unity was launched with the -noUpm command-line argument
[Package Manager] UpmClient::Send -- Unable to send message (not connected to UPM process).
[Package Manager] Cannot connect to Unity Package Manager local server
Mono: successfully reloaded assembly
- Finished resetting the current domain, in  0.922 seconds
Domain Reload Profiling: 1864ms
	BeginReloadAssembly (175ms)
		ExecutionOrderSort (0ms)
		DisableScriptedObjects (7ms)
		BackupInstance (0ms)
		ReleaseScriptingObjects (0ms)
		CreateAndSetChildDomain (25ms)
	RebuildCommonClasses (43ms)
	RebuildNativeTypeToScriptingClass (15ms)
	initialDomainReloadingComplete (61ms)
	LoadAllAssembliesAndSetupDomain (646ms)
		LoadAssemblies (492ms)
		RebuildTransferFunctionScriptingTraits (0ms)
		AnalyzeDomain (251ms)
			TypeCache.Refresh (200ms)
				TypeCache.ScanAssembly (176ms)
			ScanForSourceGeneratedMonoScriptInfo (44ms)
			ResolveRequiredComponents (5ms)
	FinalizeReload (922ms)
		ReleaseScriptCaches (0ms)
		RebuildScriptCaches (0ms)
		SetupLoadedEditorAssemblies (727ms)
			LogAssemblyErrors (0ms)
			InitializePlatformSupportModulesInManaged (9ms)
			SetLoadedEditorAssemblies (4ms)
			RefreshPlugins (0ms)
			BeforeProcessingInitializeOnLoad (103ms)
			ProcessInitializeOnLoadAttributes (391ms)
			ProcessInitializeOnLoadMethodAttributes (211ms)
			AfterProcessingInitializeOnLoad (9ms)
			EditorAssembliesLoaded (0ms)
		ExecutionOrderSort2 (0ms)
		AwakeInstancesAfterBackupRestoration (9ms)
Launched and connected shader compiler UnityShaderCompiler.exe after 0.04 seconds
Refreshing native plugins compatible for Editor in 18.82 ms, found 4 plugins.
Preloading 0 native plugins for Editor in 0.00 ms.
Unloading 5071 Unused Serialized files (Serialized files now loaded: 0)
Unloading 97 unused Assets / (77.6 KB). Loaded Objects now: 5505.
Memory consumption went from 166.3 MB to 166.2 MB.
Total: 7.335000 ms (FindLiveObjects: 0.397100 ms CreateObjectMapping: 0.412000 ms MarkObjects: 6.368200 ms  DeleteObjects: 0.156900 ms)

AssetImportParameters requested are different than current active one (requested -> active):
  custom:container-demuxer-ogg: 62fdf1f143b41e24485cea50d1cbac27 -> 
  custom:video-decoder-ogg-theora: a1e56fd34408186e4bbccfd4996cb3dc -> 
  custom:framework-win-MediaFoundation: 216162199b28c13a410421893ffa2e32 -> 
  custom:CustomObjectIndexerAttribute: 6d391050e5a25f67b0a2c618074f2cd9 -> 
  custom:container-demuxer-webm: 4f35f7cbe854078d1ac9338744f61a02 -> 
  custom:container-muxer-webm: aa71ff27fc2769a1b78a27578f13a17b -> 
  custom:video-decoder-webm-vp8: 9c59270c3fd7afecdb556c50c9e8de78 -> 
  custom:SearchIndexIgnoredProperties: e643bd26f0fe6173181afceb89e7c659 -> 
  custom:AudioImporter_EditorPlatform: d09bf68614088b80899f8185d706f6e7 -> 
  custom:video-encoder-webm-vp8: eb34c28f22e8b96e1ab97ce403110664 -> 
  custom:audio-decoder-ogg-vorbis: bf7c407c2cedff20999df2af8eb42d56 -> 
  custom:audio-encoder-webm-vorbis: bf7c407c2cedff20999df2af8eb42d56 -> 
========================================================================
Received Import Request.
  Time since last request: 276416.653742 seconds.
  path: Assets/Prefab/Stone.prefab
  artifactKey: Guid(4e1c750cef39d9046a870f447112c8e5) Importer(815301076,1909f56bfc062723c751e8b465ee728b)
Start importing Assets/Prefab/Stone.prefab using Guid(4e1c750cef39d9046a870f447112c8e5) Importer(815301076,1909f56bfc062723c751e8b465ee728b)  -> (artifact id: 'e15eec164d937bd9bcfc8e56582be9c9') in 0.100551 seconds
Number of updated asset objects reloaded before import = 0
Number of asset objects unloaded after import = 62
========================================================================
Received Import Request.
  Time since last request: 0.639912 seconds.
  path: Assets/Socket Prefab/Grass_2.prefab
  artifactKey: Guid(5a05d56bd87b80b41943f95f76bff5c5) Importer(815301076,1909f56bfc062723c751e8b465ee728b)
Start importing Assets/Socket Prefab/Grass_2.prefab using Guid(5a05d56bd87b80b41943f95f76bff5c5) Importer(815301076,1909f56bfc062723c751e8b465ee728b)  -> (artifact id: '4ee7f13842cf248395731be56000205d') in 0.008762 seconds
Number of updated asset objects reloaded before import = 0
Number of asset objects unloaded after import = 8
========================================================================
Received Import Request.
  Time since last request: 0.000015 seconds.
  path: Assets/Socket Prefab/Stone_1.prefab
  artifactKey: Guid(8201a4b82c31760408ed41f6f341142a) Importer(815301076,1909f56bfc062723c751e8b465ee728b)
Start importing Assets/Socket Prefab/Stone_1.prefab using Guid(8201a4b82c31760408ed41f6f341142a) Importer(815301076,1909f56bfc062723c751e8b465ee728b)  -> (artifact id: '61945cb5703ccdb6b505212b17e5d087') in 0.005760 seconds
Number of updated asset objects reloaded before import = 0
Number of asset objects unloaded after import = 8
========================================================================
Received Import Request.
  Time since last request: 300.618422 seconds.
  path: Assets/Tilemap/New Palette2.prefab
  artifactKey: Guid(01fc5a8ea1c38a144bc158fc4217f1e3) Importer(815301076,1909f56bfc062723c751e8b465ee728b)
Start importing Assets/Tilemap/New Palette2.prefab using Guid(01fc5a8ea1c38a144bc158fc4217f1e3) Importer(815301076,1909f56bfc062723c751e8b465ee728b)  -> (artifact id: 'c561f0151fdcc46da8b22d0e8844f496') in 0.069027 seconds
Number of updated asset objects reloaded before import = 0
Number of asset objects unloaded after import = 139
========================================================================
Received Import Request.
  Time since last request: 0.000014 seconds.
  path: Assets/Tilemap/TX Tileset Grass_31.asset
  artifactKey: Guid(c982e26ceb329124ea1f4f2aea625d07) Importer(815301076,1909f56bfc062723c751e8b465ee728b)
Start importing Assets/Tilemap/TX Tileset Grass_31.asset using Guid(c982e26ceb329124ea1f4f2aea625d07) Importer(815301076,1909f56bfc062723c751e8b465ee728b)  -> (artifact id: '040ff7c83aace2b1c3a075dbab73d8db') in 0.013405 seconds
Number of updated asset objects reloaded before import = 0
Number of asset objects unloaded after import = 3
========================================================================
Received Import Request.
  Time since last request: 0.000016 seconds.
  path: Assets/Tilemap/TX Tileset Grass_19.asset
  artifactKey: Guid(6cf831fe92ed40a4fa86340912d07eaf) Importer(815301076,1909f56bfc062723c751e8b465ee728b)
Start importing Assets/Tilemap/TX Tileset Grass_19.asset using Guid(6cf831fe92ed40a4fa86340912d07eaf) Importer(815301076,1909f56bfc062723c751e8b465ee728b)  -> (artifact id: '4aa8eced81b271e8f3573c04bb69ef09') in 0.006980 seconds
Number of updated asset objects reloaded before import = 0
Number of asset objects unloaded after import = 3
========================================================================
Received Import Request.
  Time since last request: 0.000018 seconds.
  path: Assets/Tilemap/TX Tileset Grass_7.asset
  artifactKey: Guid(3705aaa1296232746a334e12f85937e8) Importer(815301076,1909f56bfc062723c751e8b465ee728b)
Start importing Assets/Tilemap/TX Tileset Grass_7.asset using Guid(3705aaa1296232746a334e12f85937e8) Importer(815301076,1909f56bfc062723c751e8b465ee728b)  -> (artifact id: '60a46408cc9f9dbd055f1fae5fa74f18') in 0.006909 seconds
Number of updated asset objects reloaded before import = 0
Number of asset objects unloaded after import = 3
========================================================================
Received Import Request.
  Time since last request: 0.000014 seconds.
  path: Assets/Tilemap/TX Tileset Grass_38.asset
  artifactKey: Guid(a231ade564315db45a4ab3330e548dea) Importer(815301076,1909f56bfc062723c751e8b465ee728b)
Start importing Assets/Tilemap/TX Tileset Grass_38.asset using Guid(a231ade564315db45a4ab3330e548dea) Importer(815301076,1909f56bfc062723c751e8b465ee728b)  -> (artifact id: 'c3880f0f3bb706e48efd7a32664b72b4') in 0.005025 seconds
Number of updated asset objects reloaded before import = 0
Number of asset objects unloaded after import = 3
========================================================================
Received Import Request.
  Time since last request: 0.000017 seconds.
  path: Assets/Tilemap/TX Tileset Grass_18.asset
  artifactKey: Guid(cfcc1d11259d39741bdcf31efd685bb1) Importer(815301076,1909f56bfc062723c751e8b465ee728b)
Start importing Assets/Tilemap/TX Tileset Grass_18.asset using Guid(cfcc1d11259d39741bdcf31efd685bb1) Importer(815301076,1909f56bfc062723c751e8b465ee728b)  -> (artifact id: '15e74b638d3fb9666c0d435069b17b97') in 0.006468 seconds
Number of updated asset objects reloaded before import = 0
Number of asset objects unloaded after import = 3
========================================================================
Received Import Request.
  Time since last request: 0.000016 seconds.
  path: Assets/Tilemap/TX Tileset Grass_34.asset
  artifactKey: Guid(f2dd55c616c50bc4ca1d1b9711dfaaf2) Importer(815301076,1909f56bfc062723c751e8b465ee728b)
Start importing Assets/Tilemap/TX Tileset Grass_34.asset using Guid(f2dd55c616c50bc4ca1d1b9711dfaaf2) Importer(815301076,1909f56bfc062723c751e8b465ee728b)  -> (artifact id: 'fd7ade1bcb41ce150a390bf3ed0f0d2b') in 0.006893 seconds
Number of updated asset objects reloaded before import = 0
Number of asset objects unloaded after import = 3
========================================================================
Received Import Request.
  Time since last request: 0.000022 seconds.
  path: Assets/Tilemap/TX Tileset Grass_2.asset
  artifactKey: Guid(8f1d1cbe598c13a4cbc8f821b596a930) Importer(815301076,1909f56bfc062723c751e8b465ee728b)
Start importing Assets/Tilemap/TX Tileset Grass_2.asset using Guid(8f1d1cbe598c13a4cbc8f821b596a930) Importer(815301076,1909f56bfc062723c751e8b465ee728b)  -> (artifact id: 'b543f0985b7d95c753e56b1d3c14ca91') in 0.008537 seconds
Number of updated asset objects reloaded before import = 0
Number of asset objects unloaded after import = 3
========================================================================
Received Import Request.
  Time since last request: 0.000017 seconds.
  path: Assets/Tilemap/TX Tileset Grass_25.asset
  artifactKey: Guid(109044d9d37b24541a4dc26dc9e7eb71) Importer(815301076,1909f56bfc062723c751e8b465ee728b)
Start importing Assets/Tilemap/TX Tileset Grass_25.asset using Guid(109044d9d37b24541a4dc26dc9e7eb71) Importer(815301076,1909f56bfc062723c751e8b465ee728b)  -> (artifact id: 'db72c5b98ab89e499243cf07fefc4ab5') in 0.004776 seconds
Number of updated asset objects reloaded before import = 0
Number of asset objects unloaded after import = 3
========================================================================
Received Import Request.
  Time since last request: 0.000011 seconds.
  path: Assets/Tilemap/TX Tileset Grass_22.asset
  artifactKey: Guid(dd11ca3ed226b5d48af6d58da5772a2d) Importer(815301076,1909f56bfc062723c751e8b465ee728b)
Start importing Assets/Tilemap/TX Tileset Grass_22.asset using Guid(dd11ca3ed226b5d48af6d58da5772a2d) Importer(815301076,1909f56bfc062723c751e8b465ee728b)  -> (artifact id: '4654af612a7bd28dccc468e1e585af82') in 0.005273 seconds
Number of updated asset objects reloaded before import = 0
Number of asset objects unloaded after import = 3
========================================================================
Received Import Request.
  Time since last request: 0.000020 seconds.
  path: Assets/Tilemap/TX Tileset Grass_17.asset
  artifactKey: Guid(8d52b2df7d86eb540bedc750faa12a82) Importer(815301076,1909f56bfc062723c751e8b465ee728b)
Start importing Assets/Tilemap/TX Tileset Grass_17.asset using Guid(8d52b2df7d86eb540bedc750faa12a82) Importer(815301076,1909f56bfc062723c751e8b465ee728b)  -> (artifact id: '92d200f9f0e910d9440f48bbfc2872ca') in 0.005884 seconds
Number of updated asset objects reloaded before import = 0
Number of asset objects unloaded after import = 3
========================================================================
Received Import Request.
  Time since last request: 0.000016 seconds.
  path: Assets/Tilemap/TX Tileset Grass_37.asset
  artifactKey: Guid(191684037fbce004fa7338f87d4f1c9f) Importer(815301076,1909f56bfc062723c751e8b465ee728b)
Start importing Assets/Tilemap/TX Tileset Grass_37.asset using Guid(191684037fbce004fa7338f87d4f1c9f) Importer(815301076,1909f56bfc062723c751e8b465ee728b)  -> (artifact id: '2044aaecafeaa84c956d08360e5c06bc') in 0.005289 seconds
Number of updated asset objects reloaded before import = 0
Number of asset objects unloaded after import = 3
========================================================================
Received Import Request.
  Time since last request: 0.000011 seconds.
  path: Assets/Tilemap/TX Tileset Grass_14.asset
  artifactKey: Guid(492b16c8674e2464dbd11fecc8072615) Importer(815301076,1909f56bfc062723c751e8b465ee728b)
Start importing Assets/Tilemap/TX Tileset Grass_14.asset using Guid(492b16c8674e2464dbd11fecc8072615) Importer(815301076,1909f56bfc062723c751e8b465ee728b)  -> (artifact id: '2a52eafe02cdc35a086fc1c68efb8f0f') in 0.005016 seconds
Number of updated asset objects reloaded before import = 0
Number of asset objects unloaded after import = 3
========================================================================
Received Import Request.
  Time since last request: 0.000020 seconds.
  path: Assets/Tilemap/TX Tileset Grass_23.asset
  artifactKey: Guid(cf57a910e61ac804ba4dbe2f18551b96) Importer(815301076,1909f56bfc062723c751e8b465ee728b)
Start importing Assets/Tilemap/TX Tileset Grass_23.asset using Guid(cf57a910e61ac804ba4dbe2f18551b96) Importer(815301076,1909f56bfc062723c751e8b465ee728b)  -> (artifact id: 'd66e1bb3c60e3ff9cdb7670224565751') in 0.005809 seconds
Number of updated asset objects reloaded before import = 0
Number of asset objects unloaded after import = 3
========================================================================
Received Import Request.
  Time since last request: 0.000016 seconds.
  path: Assets/Tilemap/TX Tileset Grass_29.asset
  artifactKey: Guid(90cb09a449f3d0948ae0e84971f55f47) Importer(815301076,1909f56bfc062723c751e8b465ee728b)
Start importing Assets/Tilemap/TX Tileset Grass_29.asset using Guid(90cb09a449f3d0948ae0e84971f55f47) Importer(815301076,1909f56bfc062723c751e8b465ee728b)  -> (artifact id: 'dd0c83083c041394f933c825914e0159') in 0.009956 seconds
Number of updated asset objects reloaded before import = 0
Number of asset objects unloaded after import = 3
========================================================================
Received Import Request.
  Time since last request: 0.000016 seconds.
  path: Assets/Tilemap/TX Tileset Grass_27.asset
  artifactKey: Guid(82409da782c0c1f46af71b4453eaa2be) Importer(815301076,1909f56bfc062723c751e8b465ee728b)
Start importing Assets/Tilemap/TX Tileset Grass_27.asset using Guid(82409da782c0c1f46af71b4453eaa2be) Importer(815301076,1909f56bfc062723c751e8b465ee728b)  -> (artifact id: '494797aeec217c009804030a9d765263') in 0.005978 seconds
Number of updated asset objects reloaded before import = 0
Number of asset objects unloaded after import = 3
========================================================================
Received Import Request.
  Time since last request: 0.000014 seconds.
  path: Assets/Tilemap/TX Tileset Grass_3.asset
  artifactKey: Guid(5b24bdaa20e43964fbf771fc6bf3ac4d) Importer(815301076,1909f56bfc062723c751e8b465ee728b)
Start importing Assets/Tilemap/TX Tileset Grass_3.asset using Guid(5b24bdaa20e43964fbf771fc6bf3ac4d) Importer(815301076,1909f56bfc062723c751e8b465ee728b)  -> (artifact id: '3b11a3c536b44a0fe44036ab040bb620') in 0.006228 seconds
Number of updated asset objects reloaded before import = 0
Number of asset objects unloaded after import = 3
========================================================================
Received Import Request.
  Time since last request: 0.000021 seconds.
  path: Assets/Tilemap/TX Tileset Grass_43.asset
  artifactKey: Guid(c6c0d829c8c248d46ae50e31fb2fbc2e) Importer(815301076,1909f56bfc062723c751e8b465ee728b)
Start importing Assets/Tilemap/TX Tileset Grass_43.asset using Guid(c6c0d829c8c248d46ae50e31fb2fbc2e) Importer(815301076,1909f56bfc062723c751e8b465ee728b)  -> (artifact id: '09136e53e8b91d418b496754747dd242') in 0.007327 seconds
Number of updated asset objects reloaded before import = 0
Number of asset objects unloaded after import = 3
Editor requested this worker to shutdown with reason: Scaling down because of idle timeout
TcpMessagingSession - receive error: operation aborted. errorcode: 995, details: The I/O operation has been aborted because of either a thread exit or an application request.
AssetImportWorker is now disconnected from the server
Process exiting
Exiting without the bug reporter. Application will terminate with return code 0