Using pre-set license
Built from '2022.3/release' branch; Version is '2022.3.18f1 (d29bea25151d) revision 13802474'; Using compiler version '192829333'; Build Type 'Release'
OS: 'Windows 10  (10.0.19045) 64bit Enterprise' Language: 'en' Physical Memory: 32683 MB
BatchMode: 1, IsHumanControllingUs: 0, StartBugReporterOnCrash: 0, Is64bit: 1, IsPro: 1

COMMAND LINE ARGUMENTS:
C:\Program Files\Unity\Hub\Editor\2022.3.18f1\Editor\Unity.exe
-adb2
-batchMode
-noUpm
-name
AssetImportWorker12
-projectPath
C:/Users/samantha.shomo/Documents/repo/Wave_FunctionCollapse/Wave Function Collapse
-logFile
Logs/AssetImportWorker12.log
-srvPort
59400
Successfully changed project path to: C:/Users/samantha.shomo/Documents/repo/Wave_FunctionCollapse/Wave Function Collapse
C:/Users/samantha.shomo/Documents/repo/Wave_FunctionCollapse/Wave Function Collapse
[UnityMemory] Configuration Parameters - Can be set up in boot.config
    "memorysetup-bucket-allocator-granularity=16"
    "memorysetup-bucket-allocator-bucket-count=8"
    "memorysetup-bucket-allocator-block-size=33554432"
    "memorysetup-bucket-allocator-block-count=8"
    "memorysetup-main-allocator-block-size=16777216"
    "memorysetup-thread-allocator-block-size=16777216"
    "memorysetup-gfx-main-allocator-block-size=16777216"
    "memorysetup-gfx-thread-allocator-block-size=16777216"
    "memorysetup-cache-allocator-block-size=4194304"
    "memorysetup-typetree-allocator-block-size=2097152"
    "memorysetup-profiler-bucket-allocator-granularity=16"
    "memorysetup-profiler-bucket-allocator-bucket-count=8"
    "memorysetup-profiler-bucket-allocator-block-size=33554432"
    "memorysetup-profiler-bucket-allocator-block-count=8"
    "memorysetup-profiler-allocator-block-size=16777216"
    "memorysetup-profiler-editor-allocator-block-size=1048576"
    "memorysetup-temp-allocator-size-main=16777216"
    "memorysetup-job-temp-allocator-block-size=2097152"
    "memorysetup-job-temp-allocator-block-size-background=1048576"
    "memorysetup-job-temp-allocator-reduction-small-platforms=262144"
    "memorysetup-allocator-temp-initial-block-size-main=262144"
    "memorysetup-allocator-temp-initial-block-size-worker=262144"
    "memorysetup-temp-allocator-size-background-worker=32768"
    "memorysetup-temp-allocator-size-job-worker=262144"
    "memorysetup-temp-allocator-size-preload-manager=33554432"
    "memorysetup-temp-allocator-size-nav-mesh-worker=65536"
    "memorysetup-temp-allocator-size-audio-worker=65536"
    "memorysetup-temp-allocator-size-cloud-worker=32768"
    "memorysetup-temp-allocator-size-gi-baking-worker=262144"
    "memorysetup-temp-allocator-size-gfx=262144"
Player connection [11196] Host "[IP] 216.93.147.114 [Port] 0 [Flags] 2 [Guid] 1757796386 [EditorId] 1757796386 [Version] 1048832 [Id] WindowsEditor(7,F2ND-05) [Debug] 1 [PackageName] WindowsEditor [ProjectName] Editor" joined multi-casting on [225.0.0.222:54997]...

Player connection [11196] Host "[IP] 216.93.147.114 [Port] 0 [Flags] 2 [Guid] 1757796386 [EditorId] 1757796386 [Version] 1048832 [Id] WindowsEditor(7,F2ND-05) [Debug] 1 [PackageName] WindowsEditor [ProjectName] Editor" joined alternative multi-casting on [225.0.0.222:34997]...

[Physics::Module] Initialized MultithreadedJobDispatcher with 11 workers.
Refreshing native plugins compatible for Editor in 23.99 ms, found 4 plugins.
Preloading 0 native plugins for Editor in 0.00 ms.
Initialize engine version: 2022.3.18f1 (d29bea25151d)
[Subsystems] Discovering subsystems at path C:/Program Files/Unity/Hub/Editor/2022.3.18f1/Editor/Data/Resources/UnitySubsystems
[Subsystems] Discovering subsystems at path C:/Users/samantha.shomo/Documents/repo/Wave_FunctionCollapse/Wave Function Collapse/Assets
GfxDevice: creating device client; threaded=0; jobified=0
Direct3D:
    Version:  Direct3D 11.0 [level 11.1]
    Renderer: NVIDIA GeForce GTX 1080 Ti (ID=0x1b06)
    Vendor:   NVIDIA
    VRAM:     11120 MB
    Driver:   31.0.15.3623
Initialize mono
Mono path[0] = 'C:/Program Files/Unity/Hub/Editor/2022.3.18f1/Editor/Data/Managed'
Mono path[1] = 'C:/Program Files/Unity/Hub/Editor/2022.3.18f1/Editor/Data/MonoBleedingEdge/lib/mono/unityjit-win32'
Mono config path = 'C:/Program Files/Unity/Hub/Editor/2022.3.18f1/Editor/Data/MonoBleedingEdge/etc'
Using monoOptions --debugger-agent=transport=dt_socket,embedding=1,server=y,suspend=n,address=127.0.0.1:56576
Begin MonoManager ReloadAssembly
Registering precompiled unity dll's ...
Register platform support module: C:/Program Files/Unity/Hub/Editor/2022.3.18f1/Editor/Data/PlaybackEngines/WindowsStandaloneSupport/UnityEditor.WindowsStandalone.Extensions.dll
Registered in 0.009427 seconds.
- Loaded All Assemblies, in  0.415 seconds
Native extension for WindowsStandalone target not found
Mono: successfully reloaded assembly
- Finished resetting the current domain, in  0.289 seconds
Domain Reload Profiling: 700ms
	BeginReloadAssembly (109ms)
		ExecutionOrderSort (0ms)
		DisableScriptedObjects (0ms)
		BackupInstance (0ms)
		ReleaseScriptingObjects (0ms)
		CreateAndSetChildDomain (1ms)
	RebuildCommonClasses (39ms)
	RebuildNativeTypeToScriptingClass (16ms)
	initialDomainReloadingComplete (70ms)
	LoadAllAssembliesAndSetupDomain (177ms)
		LoadAssemblies (107ms)
		RebuildTransferFunctionScriptingTraits (0ms)
		AnalyzeDomain (174ms)
			TypeCache.Refresh (173ms)
				TypeCache.ScanAssembly (155ms)
			ScanForSourceGeneratedMonoScriptInfo (0ms)
			ResolveRequiredComponents (0ms)
	FinalizeReload (289ms)
		ReleaseScriptCaches (0ms)
		RebuildScriptCaches (0ms)
		SetupLoadedEditorAssemblies (230ms)
			LogAssemblyErrors (0ms)
			InitializePlatformSupportModulesInManaged (10ms)
			SetLoadedEditorAssemblies (7ms)
			RefreshPlugins (0ms)
			BeforeProcessingInitializeOnLoad (2ms)
			ProcessInitializeOnLoadAttributes (157ms)
			ProcessInitializeOnLoadMethodAttributes (54ms)
			AfterProcessingInitializeOnLoad (0ms)
			EditorAssembliesLoaded (0ms)
		ExecutionOrderSort2 (0ms)
		AwakeInstancesAfterBackupRestoration (0ms)
========================================================================
Worker process is ready to serve import requests
Begin MonoManager ReloadAssembly
Symbol file LoadedFromMemory is not a mono symbol file
- Loaded All Assemblies, in  0.867 seconds
Refreshing native plugins compatible for Editor in 15.47 ms, found 4 plugins.
Native extension for WindowsStandalone target not found
Package Manager log level set to [2]
[Package Manager] Server::EnsureServerProcessIsRunning -- launch failed, reason: Unity was launched with the -noUpm command-line argument
[Package Manager] UpmClient::Send -- Unable to send message (not connected to UPM process).
[Package Manager] Cannot connect to Unity Package Manager local server
Mono: successfully reloaded assembly
- Finished resetting the current domain, in  0.830 seconds
Domain Reload Profiling: 1690ms
	BeginReloadAssembly (167ms)
		ExecutionOrderSort (0ms)
		DisableScriptedObjects (6ms)
		BackupInstance (0ms)
		ReleaseScriptingObjects (0ms)
		CreateAndSetChildDomain (22ms)
	RebuildCommonClasses (33ms)
	RebuildNativeTypeToScriptingClass (13ms)
	initialDomainReloadingComplete (50ms)
	LoadAllAssembliesAndSetupDomain (596ms)
		LoadAssemblies (452ms)
		RebuildTransferFunctionScriptingTraits (0ms)
		AnalyzeDomain (240ms)
			TypeCache.Refresh (199ms)
				TypeCache.ScanAssembly (176ms)
			ScanForSourceGeneratedMonoScriptInfo (34ms)
			ResolveRequiredComponents (6ms)
	FinalizeReload (830ms)
		ReleaseScriptCaches (0ms)
		RebuildScriptCaches (0ms)
		SetupLoadedEditorAssemblies (642ms)
			LogAssemblyErrors (0ms)
			InitializePlatformSupportModulesInManaged (10ms)
			SetLoadedEditorAssemblies (4ms)
			RefreshPlugins (0ms)
			BeforeProcessingInitializeOnLoad (98ms)
			ProcessInitializeOnLoadAttributes (343ms)
			ProcessInitializeOnLoadMethodAttributes (178ms)
			AfterProcessingInitializeOnLoad (10ms)
			EditorAssembliesLoaded (0ms)
		ExecutionOrderSort2 (0ms)
		AwakeInstancesAfterBackupRestoration (10ms)
Launched and connected shader compiler UnityShaderCompiler.exe after 0.04 seconds
Refreshing native plugins compatible for Editor in 15.22 ms, found 4 plugins.
Preloading 0 native plugins for Editor in 0.00 ms.
Unloading 5069 Unused Serialized files (Serialized files now loaded: 0)
Unloading 97 unused Assets / (78.0 KB). Loaded Objects now: 5503.
Memory consumption went from 166.3 MB to 166.2 MB.
Total: 7.564400 ms (FindLiveObjects: 0.359200 ms CreateObjectMapping: 0.399000 ms MarkObjects: 6.651000 ms  DeleteObjects: 0.154200 ms)

AssetImportParameters requested are different than current active one (requested -> active):
  custom:container-demuxer-ogg: 62fdf1f143b41e24485cea50d1cbac27 -> 
  custom:video-decoder-ogg-theora: a1e56fd34408186e4bbccfd4996cb3dc -> 
  custom:framework-win-MediaFoundation: 216162199b28c13a410421893ffa2e32 -> 
  custom:CustomObjectIndexerAttribute: 6d391050e5a25f67b0a2c618074f2cd9 -> 
  custom:container-demuxer-webm: 4f35f7cbe854078d1ac9338744f61a02 -> 
  custom:container-muxer-webm: aa71ff27fc2769a1b78a27578f13a17b -> 
  custom:video-decoder-webm-vp8: 9c59270c3fd7afecdb556c50c9e8de78 -> 
  custom:SearchIndexIgnoredProperties: e643bd26f0fe6173181afceb89e7c659 -> 
  custom:AudioImporter_EditorPlatform: d09bf68614088b80899f8185d706f6e7 -> 
  custom:video-encoder-webm-vp8: eb34c28f22e8b96e1ab97ce403110664 -> 
  custom:audio-decoder-ogg-vorbis: bf7c407c2cedff20999df2af8eb42d56 -> 
  custom:audio-encoder-webm-vorbis: bf7c407c2cedff20999df2af8eb42d56 -> 
  custom:scripting/monoscript/fileName/Node.cs: 7cc1f1dcf64e90912b12618fb0fb9d32 -> ee6dc52feca05384d7546757ddd02de6
========================================================================
Received Import Request.
  Time since last request: 902962.466594 seconds.
  path: Assets/Prefab/Grass Stone Down Left.prefab
  artifactKey: Guid(102a8ffec6bb33f4d9e8c5c9582b5ff4) Importer(815301076,1909f56bfc062723c751e8b465ee728b)
Start importing Assets/Prefab/Grass Stone Down Left.prefab using Guid(102a8ffec6bb33f4d9e8c5c9582b5ff4) Importer(815301076,1909f56bfc062723c751e8b465ee728b)  -> (artifact id: '638114352787dafe2b5ce8f43880b779') in 0.115965 seconds
Number of updated asset objects reloaded before import = 0
Number of asset objects unloaded after import = 62
========================================================================
Received Import Request.
  Time since last request: 0.633185 seconds.
  path: Assets/Prefab/Grass Stone Down Left.prefab
  artifactKey: Guid(102a8ffec6bb33f4d9e8c5c9582b5ff4) Importer(815301076,1909f56bfc062723c751e8b465ee728b)
Start importing Assets/Prefab/Grass Stone Down Left.prefab using Guid(102a8ffec6bb33f4d9e8c5c9582b5ff4) Importer(815301076,1909f56bfc062723c751e8b465ee728b)  -> (artifact id: '6e0b525346993e1623aa9da15440a7e7') in 0.010589 seconds
Number of updated asset objects reloaded before import = 0
Number of asset objects unloaded after import = 62
========================================================================
Received Import Request.
  Time since last request: 20.335772 seconds.
  path: Assets/Prefab/Grass Stone Down Left.prefab
  artifactKey: Guid(102a8ffec6bb33f4d9e8c5c9582b5ff4) Importer(815301076,1909f56bfc062723c751e8b465ee728b)
Start importing Assets/Prefab/Grass Stone Down Left.prefab using Guid(102a8ffec6bb33f4d9e8c5c9582b5ff4) Importer(815301076,1909f56bfc062723c751e8b465ee728b)  -> (artifact id: 'f981b5d431b65756a0e0997a8d6e25ee') in 0.011472 seconds
Number of updated asset objects reloaded before import = 0
Number of asset objects unloaded after import = 62
========================================================================
Received Import Request.
  Time since last request: 0.000019 seconds.
  path: Assets/Prefab/Stone Grass Left.prefab
  artifactKey: Guid(514f603144d47534aa71bf997c9677b6) Importer(815301076,1909f56bfc062723c751e8b465ee728b)
Start importing Assets/Prefab/Stone Grass Left.prefab using Guid(514f603144d47534aa71bf997c9677b6) Importer(815301076,1909f56bfc062723c751e8b465ee728b)  -> (artifact id: 'a7c0bfee1cad4e307356c8a96561569b') in 0.010298 seconds
Number of updated asset objects reloaded before import = 0
Number of asset objects unloaded after import = 62
========================================================================
Received Import Request.
  Time since last request: 1.430982 seconds.
  path: Assets/Prefab/Grass Stone Down Left.prefab
  artifactKey: Guid(102a8ffec6bb33f4d9e8c5c9582b5ff4) Importer(815301076,1909f56bfc062723c751e8b465ee728b)
Start importing Assets/Prefab/Grass Stone Down Left.prefab using Guid(102a8ffec6bb33f4d9e8c5c9582b5ff4) Importer(815301076,1909f56bfc062723c751e8b465ee728b)  -> (artifact id: 'a3f75744468c2fa4710ced9afe9eb0ba') in 0.012792 seconds
Number of updated asset objects reloaded before import = 0
Number of asset objects unloaded after import = 62
========================================================================
Received Import Request.
  Time since last request: 0.000017 seconds.
  path: Assets/Prefab/Stone Grass Bottom.prefab
  artifactKey: Guid(2cbaf1297158ba24eac41117d27fd9d3) Importer(815301076,1909f56bfc062723c751e8b465ee728b)
Start importing Assets/Prefab/Stone Grass Bottom.prefab using Guid(2cbaf1297158ba24eac41117d27fd9d3) Importer(815301076,1909f56bfc062723c751e8b465ee728b)  -> (artifact id: 'b6ded9f74522f072e769079c44cecb50') in 0.011862 seconds
Number of updated asset objects reloaded before import = 0
Number of asset objects unloaded after import = 62
========================================================================
Received Import Request.
  Time since last request: 4.993128 seconds.
  path: Assets/Prefab/Grass Stone Down Left.prefab
  artifactKey: Guid(102a8ffec6bb33f4d9e8c5c9582b5ff4) Importer(815301076,1909f56bfc062723c751e8b465ee728b)
Start importing Assets/Prefab/Grass Stone Down Left.prefab using Guid(102a8ffec6bb33f4d9e8c5c9582b5ff4) Importer(815301076,1909f56bfc062723c751e8b465ee728b)  -> (artifact id: '7866d4154c5811e4d69efd72756c0a2a') in 0.016895 seconds
Number of updated asset objects reloaded before import = 0
Number of asset objects unloaded after import = 62
========================================================================
Received Import Request.
  Time since last request: 0.786743 seconds.
  path: Assets/Prefab/Grass Stone Down Left.prefab
  artifactKey: Guid(102a8ffec6bb33f4d9e8c5c9582b5ff4) Importer(815301076,1909f56bfc062723c751e8b465ee728b)
Start importing Assets/Prefab/Grass Stone Down Left.prefab using Guid(102a8ffec6bb33f4d9e8c5c9582b5ff4) Importer(815301076,1909f56bfc062723c751e8b465ee728b)  -> (artifact id: 'f655dd27cb916747b9c245c363bbd3d3') in 0.011070 seconds
Number of updated asset objects reloaded before import = 0
Number of asset objects unloaded after import = 62
========================================================================
Received Import Request.
  Time since last request: 0.000013 seconds.
  path: Assets/Prefab/Stone Grass Left.prefab
  artifactKey: Guid(514f603144d47534aa71bf997c9677b6) Importer(815301076,1909f56bfc062723c751e8b465ee728b)
Start importing Assets/Prefab/Stone Grass Left.prefab using Guid(514f603144d47534aa71bf997c9677b6) Importer(815301076,1909f56bfc062723c751e8b465ee728b)  -> (artifact id: '7a7855de8598762e128c0d7af96f1877') in 0.010194 seconds
Number of updated asset objects reloaded before import = 0
Number of asset objects unloaded after import = 62
========================================================================
Received Import Request.
  Time since last request: 35.890996 seconds.
  path: Assets/Prefab/Grass Stone Down Left.prefab
  artifactKey: Guid(102a8ffec6bb33f4d9e8c5c9582b5ff4) Importer(815301076,1909f56bfc062723c751e8b465ee728b)
Start importing Assets/Prefab/Grass Stone Down Left.prefab using Guid(102a8ffec6bb33f4d9e8c5c9582b5ff4) Importer(815301076,1909f56bfc062723c751e8b465ee728b)  -> (artifact id: '3de8890e526f55a76f3a253cdd7b456a') in 0.010285 seconds
Number of updated asset objects reloaded before import = 0
Number of asset objects unloaded after import = 62
========================================================================
Received Import Request.
  Time since last request: 0.000016 seconds.
  path: Assets/Prefab/Stone Grass Top.prefab
  artifactKey: Guid(c3d22a81a2838b840b750a185f1f56c8) Importer(815301076,1909f56bfc062723c751e8b465ee728b)
Start importing Assets/Prefab/Stone Grass Top.prefab using Guid(c3d22a81a2838b840b750a185f1f56c8) Importer(815301076,1909f56bfc062723c751e8b465ee728b)  -> (artifact id: '587a18d66161e38d75d15cdee55c8929') in 0.010804 seconds
Number of updated asset objects reloaded before import = 0
Number of asset objects unloaded after import = 62
========================================================================
Received Import Request.
  Time since last request: 0.794334 seconds.
  path: Assets/Prefab/Grass Stone Down Left.prefab
  artifactKey: Guid(102a8ffec6bb33f4d9e8c5c9582b5ff4) Importer(815301076,1909f56bfc062723c751e8b465ee728b)
Start importing Assets/Prefab/Grass Stone Down Left.prefab using Guid(102a8ffec6bb33f4d9e8c5c9582b5ff4) Importer(815301076,1909f56bfc062723c751e8b465ee728b)  -> (artifact id: 'e888cd25dc68cdef899cf0b2c270f68f') in 0.017346 seconds
Number of updated asset objects reloaded before import = 0
Number of asset objects unloaded after import = 62
========================================================================
Received Import Request.
  Time since last request: 0.000025 seconds.
  path: Assets/Prefab/Stone Grass Right.prefab
  artifactKey: Guid(89dea73a2bc4a784b83f1f8b588b66a6) Importer(815301076,1909f56bfc062723c751e8b465ee728b)
Start importing Assets/Prefab/Stone Grass Right.prefab using Guid(89dea73a2bc4a784b83f1f8b588b66a6) Importer(815301076,1909f56bfc062723c751e8b465ee728b)  -> (artifact id: '9980783cf23fd46ecfb63eed6c93721c') in 0.018285 seconds
Number of updated asset objects reloaded before import = 0
Number of asset objects unloaded after import = 62
========================================================================
Received Import Request.
  Time since last request: 11.062680 seconds.
  path: Assets/Prefab/Grass Stone Down Left.prefab
  artifactKey: Guid(102a8ffec6bb33f4d9e8c5c9582b5ff4) Importer(815301076,1909f56bfc062723c751e8b465ee728b)
Start importing Assets/Prefab/Grass Stone Down Left.prefab using Guid(102a8ffec6bb33f4d9e8c5c9582b5ff4) Importer(815301076,1909f56bfc062723c751e8b465ee728b)  -> (artifact id: 'e105c63ac6a86cec711d60092ead713d') in 0.009283 seconds
Number of updated asset objects reloaded before import = 0
Number of asset objects unloaded after import = 62
========================================================================
Received Import Request.
  Time since last request: 0.000016 seconds.
  path: Assets/Prefab/Stone Grass Top.prefab
  artifactKey: Guid(c3d22a81a2838b840b750a185f1f56c8) Importer(815301076,1909f56bfc062723c751e8b465ee728b)
Start importing Assets/Prefab/Stone Grass Top.prefab using Guid(c3d22a81a2838b840b750a185f1f56c8) Importer(815301076,1909f56bfc062723c751e8b465ee728b)  -> (artifact id: '933123375401c91ca991998fbf39e972') in 0.012423 seconds
Number of updated asset objects reloaded before import = 0
Number of asset objects unloaded after import = 62
========================================================================
Received Import Request.
  Time since last request: 0.672110 seconds.
  path: Assets/Prefab/Grass Stone Down Left.prefab
  artifactKey: Guid(102a8ffec6bb33f4d9e8c5c9582b5ff4) Importer(815301076,1909f56bfc062723c751e8b465ee728b)
Start importing Assets/Prefab/Grass Stone Down Left.prefab using Guid(102a8ffec6bb33f4d9e8c5c9582b5ff4) Importer(815301076,1909f56bfc062723c751e8b465ee728b)  -> (artifact id: 'f88c5ac5ce991597e0cd3d00ac5aba6e') in 0.025679 seconds
Number of updated asset objects reloaded before import = 0
Number of asset objects unloaded after import = 62
========================================================================
Received Import Request.
  Time since last request: 0.000018 seconds.
  path: Assets/Prefab/Stone Grass Right.prefab
  artifactKey: Guid(89dea73a2bc4a784b83f1f8b588b66a6) Importer(815301076,1909f56bfc062723c751e8b465ee728b)
Start importing Assets/Prefab/Stone Grass Right.prefab using Guid(89dea73a2bc4a784b83f1f8b588b66a6) Importer(815301076,1909f56bfc062723c751e8b465ee728b)  -> (artifact id: 'f5eac3d1f9f757f968fbaa9c636f8a59') in 0.010582 seconds
Number of updated asset objects reloaded before import = 0
Number of asset objects unloaded after import = 62
========================================================================
Received Import Request.
  Time since last request: 7.964709 seconds.
  path: Assets/Prefab/Grass Stone Down Left.prefab
  artifactKey: Guid(102a8ffec6bb33f4d9e8c5c9582b5ff4) Importer(815301076,1909f56bfc062723c751e8b465ee728b)
Start importing Assets/Prefab/Grass Stone Down Left.prefab using Guid(102a8ffec6bb33f4d9e8c5c9582b5ff4) Importer(815301076,1909f56bfc062723c751e8b465ee728b)  -> (artifact id: '5f046cbebade72077171e294cd3edfe1') in 0.009267 seconds
Number of updated asset objects reloaded before import = 0
Number of asset objects unloaded after import = 62
========================================================================
Received Import Request.
  Time since last request: 0.000016 seconds.
  path: Assets/Prefab/Stone Grass Top.prefab
  artifactKey: Guid(c3d22a81a2838b840b750a185f1f56c8) Importer(815301076,1909f56bfc062723c751e8b465ee728b)
Start importing Assets/Prefab/Stone Grass Top.prefab using Guid(c3d22a81a2838b840b750a185f1f56c8) Importer(815301076,1909f56bfc062723c751e8b465ee728b)  -> (artifact id: '5bb197ebbbe396ebc2ae5928ac414458') in 0.010821 seconds
Number of updated asset objects reloaded before import = 0
Number of asset objects unloaded after import = 62
========================================================================
Received Import Request.
  Time since last request: 14.766871 seconds.
  path: Assets/Prefab/Grass Stone Down Left.prefab
  artifactKey: Guid(102a8ffec6bb33f4d9e8c5c9582b5ff4) Importer(815301076,1909f56bfc062723c751e8b465ee728b)
Start importing Assets/Prefab/Grass Stone Down Left.prefab using Guid(102a8ffec6bb33f4d9e8c5c9582b5ff4) Importer(815301076,1909f56bfc062723c751e8b465ee728b)  -> (artifact id: 'f31ec6079b890479971ee28cb0addc03') in 0.010243 seconds
Number of updated asset objects reloaded before import = 0
Number of asset objects unloaded after import = 62
========================================================================
Received Import Request.
  Time since last request: 0.000014 seconds.
  path: Assets/Prefab/Stone Grass Bottom.prefab
  artifactKey: Guid(2cbaf1297158ba24eac41117d27fd9d3) Importer(815301076,1909f56bfc062723c751e8b465ee728b)
Start importing Assets/Prefab/Stone Grass Bottom.prefab using Guid(2cbaf1297158ba24eac41117d27fd9d3) Importer(815301076,1909f56bfc062723c751e8b465ee728b)  -> (artifact id: 'ccc4d8b763611b9df3a5e962e41b79ce') in 0.010259 seconds
Number of updated asset objects reloaded before import = 0
Number of asset objects unloaded after import = 62
========================================================================
Received Import Request.
  Time since last request: 0.585032 seconds.
  path: Assets/Prefab/Grass Stone Down Left.prefab
  artifactKey: Guid(102a8ffec6bb33f4d9e8c5c9582b5ff4) Importer(815301076,1909f56bfc062723c751e8b465ee728b)
Start importing Assets/Prefab/Grass Stone Down Left.prefab using Guid(102a8ffec6bb33f4d9e8c5c9582b5ff4) Importer(815301076,1909f56bfc062723c751e8b465ee728b)  -> (artifact id: 'ef631af2f6df6516f14e2e3b0c4e64d1') in 0.010758 seconds
Number of updated asset objects reloaded before import = 0
Number of asset objects unloaded after import = 62
========================================================================
Received Import Request.
  Time since last request: 0.000023 seconds.
  path: Assets/Prefab/Stone Grass Top.prefab
  artifactKey: Guid(c3d22a81a2838b840b750a185f1f56c8) Importer(815301076,1909f56bfc062723c751e8b465ee728b)
Start importing Assets/Prefab/Stone Grass Top.prefab using Guid(c3d22a81a2838b840b750a185f1f56c8) Importer(815301076,1909f56bfc062723c751e8b465ee728b)  -> (artifact id: 'fb2ab3004e966bac0c411cc9c2be5bb6') in 0.010755 seconds
Number of updated asset objects reloaded before import = 0
Number of asset objects unloaded after import = 62
========================================================================
Received Import Request.
  Time since last request: 1.724040 seconds.
  path: Assets/Prefab/Grass Stone Down Left.prefab
  artifactKey: Guid(102a8ffec6bb33f4d9e8c5c9582b5ff4) Importer(815301076,1909f56bfc062723c751e8b465ee728b)
Start importing Assets/Prefab/Grass Stone Down Left.prefab using Guid(102a8ffec6bb33f4d9e8c5c9582b5ff4) Importer(815301076,1909f56bfc062723c751e8b465ee728b)  -> (artifact id: '9a2846f2bce14bae11b5e624d7cbf408') in 0.009644 seconds
Number of updated asset objects reloaded before import = 0
Number of asset objects unloaded after import = 62
========================================================================
Received Import Request.
  Time since last request: 0.000015 seconds.
  path: Assets/Prefab/Stone Grass Top.prefab
  artifactKey: Guid(c3d22a81a2838b840b750a185f1f56c8) Importer(815301076,1909f56bfc062723c751e8b465ee728b)
Start importing Assets/Prefab/Stone Grass Top.prefab using Guid(c3d22a81a2838b840b750a185f1f56c8) Importer(815301076,1909f56bfc062723c751e8b465ee728b)  -> (artifact id: 'e09be2804ca360af309849c0f6b2da55') in 0.012939 seconds
Number of updated asset objects reloaded before import = 0
Number of asset objects unloaded after import = 62
========================================================================
Received Import Request.
  Time since last request: 5.005108 seconds.
  path: Assets/Prefab/Grass Stone Down Left.prefab
  artifactKey: Guid(102a8ffec6bb33f4d9e8c5c9582b5ff4) Importer(815301076,1909f56bfc062723c751e8b465ee728b)
Start importing Assets/Prefab/Grass Stone Down Left.prefab using Guid(102a8ffec6bb33f4d9e8c5c9582b5ff4) Importer(815301076,1909f56bfc062723c751e8b465ee728b)  -> (artifact id: 'aa759dde74281a7cd5d469f0b4a8c61d') in 0.012502 seconds
Number of updated asset objects reloaded before import = 0
Number of asset objects unloaded after import = 62
========================================================================
Received Import Request.
  Time since last request: 0.000019 seconds.
  path: Assets/Prefab/Stone Grass Bottom.prefab
  artifactKey: Guid(2cbaf1297158ba24eac41117d27fd9d3) Importer(815301076,1909f56bfc062723c751e8b465ee728b)
Start importing Assets/Prefab/Stone Grass Bottom.prefab using Guid(2cbaf1297158ba24eac41117d27fd9d3) Importer(815301076,1909f56bfc062723c751e8b465ee728b)  -> (artifact id: '1082191afa2603d807f10dc6ba012029') in 0.011293 seconds
Number of updated asset objects reloaded before import = 0
Number of asset objects unloaded after import = 62
========================================================================
Received Import Request.
  Time since last request: 6.664335 seconds.
  path: Assets/Prefab/Grass Stone Down Left.prefab
  artifactKey: Guid(102a8ffec6bb33f4d9e8c5c9582b5ff4) Importer(815301076,1909f56bfc062723c751e8b465ee728b)
Start importing Assets/Prefab/Grass Stone Down Left.prefab using Guid(102a8ffec6bb33f4d9e8c5c9582b5ff4) Importer(815301076,1909f56bfc062723c751e8b465ee728b)  -> (artifact id: '92b5442a056a43f5148180515349b4cc') in 0.010208 seconds
Number of updated asset objects reloaded before import = 0
Number of asset objects unloaded after import = 62
========================================================================
Received Import Request.
  Time since last request: 0.000016 seconds.
  path: Assets/Prefab/Stone Grass Top.prefab
  artifactKey: Guid(c3d22a81a2838b840b750a185f1f56c8) Importer(815301076,1909f56bfc062723c751e8b465ee728b)
Start importing Assets/Prefab/Stone Grass Top.prefab using Guid(c3d22a81a2838b840b750a185f1f56c8) Importer(815301076,1909f56bfc062723c751e8b465ee728b)  -> (artifact id: 'c52721b9793df05947336f02ebc01ee1') in 0.010712 seconds
Number of updated asset objects reloaded before import = 0
Number of asset objects unloaded after import = 62
========================================================================
Received Import Request.
  Time since last request: 4.310823 seconds.
  path: Assets/Prefab/Grass Stone Down Left.prefab
  artifactKey: Guid(102a8ffec6bb33f4d9e8c5c9582b5ff4) Importer(815301076,1909f56bfc062723c751e8b465ee728b)
Start importing Assets/Prefab/Grass Stone Down Left.prefab using Guid(102a8ffec6bb33f4d9e8c5c9582b5ff4) Importer(815301076,1909f56bfc062723c751e8b465ee728b)  -> (artifact id: '47185be335bb4153846883d97f2e4ff4') in 0.012393 seconds
Number of updated asset objects reloaded before import = 0
Number of asset objects unloaded after import = 62
========================================================================
Received Import Request.
  Time since last request: 0.000016 seconds.
  path: Assets/Prefab/Stone.prefab
  artifactKey: Guid(4e1c750cef39d9046a870f447112c8e5) Importer(815301076,1909f56bfc062723c751e8b465ee728b)
Start importing Assets/Prefab/Stone.prefab using Guid(4e1c750cef39d9046a870f447112c8e5) Importer(815301076,1909f56bfc062723c751e8b465ee728b)  -> (artifact id: '875501c31ac46d8fb185ddf0d65b2c3e') in 0.010444 seconds
Number of updated asset objects reloaded before import = 0
Number of asset objects unloaded after import = 62
========================================================================
Received Import Request.
  Time since last request: 8.677639 seconds.
  path: Assets/Prefab/Grass Stone Down Left.prefab
  artifactKey: Guid(102a8ffec6bb33f4d9e8c5c9582b5ff4) Importer(815301076,1909f56bfc062723c751e8b465ee728b)
Start importing Assets/Prefab/Grass Stone Down Left.prefab using Guid(102a8ffec6bb33f4d9e8c5c9582b5ff4) Importer(815301076,1909f56bfc062723c751e8b465ee728b)  -> (artifact id: 'f09750c15e7c32123bb7fbbaa9c76e02') in 0.010294 seconds
Number of updated asset objects reloaded before import = 0
Number of asset objects unloaded after import = 62
========================================================================
Received Import Request.
  Time since last request: 0.000016 seconds.
  path: Assets/Prefab/Stone Grass Top.prefab
  artifactKey: Guid(c3d22a81a2838b840b750a185f1f56c8) Importer(815301076,1909f56bfc062723c751e8b465ee728b)
Start importing Assets/Prefab/Stone Grass Top.prefab using Guid(c3d22a81a2838b840b750a185f1f56c8) Importer(815301076,1909f56bfc062723c751e8b465ee728b)  -> (artifact id: 'e67e7d702d99fd0ed202b228f94e4301') in 0.013087 seconds
Number of updated asset objects reloaded before import = 0
Number of asset objects unloaded after import = 62
========================================================================
Received Import Request.
  Time since last request: 10.518071 seconds.
  path: Assets/Prefab/Grass Stone Down Left.prefab
  artifactKey: Guid(102a8ffec6bb33f4d9e8c5c9582b5ff4) Importer(815301076,1909f56bfc062723c751e8b465ee728b)
Start importing Assets/Prefab/Grass Stone Down Left.prefab using Guid(102a8ffec6bb33f4d9e8c5c9582b5ff4) Importer(815301076,1909f56bfc062723c751e8b465ee728b)  -> (artifact id: '2da9a9ee0014b3052fceea8b667261b2') in 0.009725 seconds
Number of updated asset objects reloaded before import = 0
Number of asset objects unloaded after import = 62
========================================================================
Received Import Request.
  Time since last request: 0.000019 seconds.
  path: Assets/Prefab/Stone Grass Top.prefab
  artifactKey: Guid(c3d22a81a2838b840b750a185f1f56c8) Importer(815301076,1909f56bfc062723c751e8b465ee728b)
Start importing Assets/Prefab/Stone Grass Top.prefab using Guid(c3d22a81a2838b840b750a185f1f56c8) Importer(815301076,1909f56bfc062723c751e8b465ee728b)  -> (artifact id: 'c95206b7ae51eceea48f8ba550281c2a') in 0.013076 seconds
Number of updated asset objects reloaded before import = 0
Number of asset objects unloaded after import = 62
========================================================================
Received Import Request.
  Time since last request: 5.146478 seconds.
  path: Assets/Prefab/Grass Stone Down Left.prefab
  artifactKey: Guid(102a8ffec6bb33f4d9e8c5c9582b5ff4) Importer(815301076,1909f56bfc062723c751e8b465ee728b)
Start importing Assets/Prefab/Grass Stone Down Left.prefab using Guid(102a8ffec6bb33f4d9e8c5c9582b5ff4) Importer(815301076,1909f56bfc062723c751e8b465ee728b)  -> (artifact id: '45efaff2aba471120fddab7ce5000eaa') in 0.011608 seconds
Number of updated asset objects reloaded before import = 0
Number of asset objects unloaded after import = 62
========================================================================
Received Import Request.
  Time since last request: 0.000017 seconds.
  path: Assets/Prefab/Stone Grass Bottom.prefab
  artifactKey: Guid(2cbaf1297158ba24eac41117d27fd9d3) Importer(815301076,1909f56bfc062723c751e8b465ee728b)
Start importing Assets/Prefab/Stone Grass Bottom.prefab using Guid(2cbaf1297158ba24eac41117d27fd9d3) Importer(815301076,1909f56bfc062723c751e8b465ee728b)  -> (artifact id: '3940a24d8c0fbf706b0b2af72bfa9ff0') in 0.010870 seconds
Number of updated asset objects reloaded before import = 0
Number of asset objects unloaded after import = 62
========================================================================
Received Import Request.
  Time since last request: 1.933377 seconds.
  path: Assets/Prefab/Grass Stone Down Left.prefab
  artifactKey: Guid(102a8ffec6bb33f4d9e8c5c9582b5ff4) Importer(815301076,1909f56bfc062723c751e8b465ee728b)
Start importing Assets/Prefab/Grass Stone Down Left.prefab using Guid(102a8ffec6bb33f4d9e8c5c9582b5ff4) Importer(815301076,1909f56bfc062723c751e8b465ee728b)  -> (artifact id: '0b1f115584ec0cde6083ce52131734a6') in 0.009938 seconds
Number of updated asset objects reloaded before import = 0
Number of asset objects unloaded after import = 62
========================================================================
Received Import Request.
  Time since last request: 0.000020 seconds.
  path: Assets/Prefab/Stone Grass Top.prefab
  artifactKey: Guid(c3d22a81a2838b840b750a185f1f56c8) Importer(815301076,1909f56bfc062723c751e8b465ee728b)
Start importing Assets/Prefab/Stone Grass Top.prefab using Guid(c3d22a81a2838b840b750a185f1f56c8) Importer(815301076,1909f56bfc062723c751e8b465ee728b)  -> (artifact id: 'b04a027ab7e102e73ec89f3f57002f0a') in 0.012772 seconds
Number of updated asset objects reloaded before import = 0
Number of asset objects unloaded after import = 62
========================================================================
Received Import Request.
  Time since last request: 12.712120 seconds.
  path: Assets/Prefab/Grass Stone Down Left.prefab
  artifactKey: Guid(102a8ffec6bb33f4d9e8c5c9582b5ff4) Importer(815301076,1909f56bfc062723c751e8b465ee728b)
Start importing Assets/Prefab/Grass Stone Down Left.prefab using Guid(102a8ffec6bb33f4d9e8c5c9582b5ff4) Importer(815301076,1909f56bfc062723c751e8b465ee728b)  -> (artifact id: '8b4c0d522bbebc684dac49fa23ccea2a') in 0.010191 seconds
Number of updated asset objects reloaded before import = 0
Number of asset objects unloaded after import = 62
========================================================================
Received Import Request.
  Time since last request: 0.000022 seconds.
  path: Assets/Prefab/Stone Grass Left.prefab
  artifactKey: Guid(514f603144d47534aa71bf997c9677b6) Importer(815301076,1909f56bfc062723c751e8b465ee728b)
Start importing Assets/Prefab/Stone Grass Left.prefab using Guid(514f603144d47534aa71bf997c9677b6) Importer(815301076,1909f56bfc062723c751e8b465ee728b)  -> (artifact id: 'fd68037ba65fc3fbf9815cb014615887') in 0.010220 seconds
Number of updated asset objects reloaded before import = 0
Number of asset objects unloaded after import = 62
========================================================================
Received Import Request.
  Time since last request: 17.363714 seconds.
  path: Assets/Prefab/Grass Stone Down Left.prefab
  artifactKey: Guid(102a8ffec6bb33f4d9e8c5c9582b5ff4) Importer(815301076,1909f56bfc062723c751e8b465ee728b)
Start importing Assets/Prefab/Grass Stone Down Left.prefab using Guid(102a8ffec6bb33f4d9e8c5c9582b5ff4) Importer(815301076,1909f56bfc062723c751e8b465ee728b)  -> (artifact id: 'e533f5955f341d3ea7877f1e6e8419f7') in 0.010949 seconds
Number of updated asset objects reloaded before import = 0
Number of asset objects unloaded after import = 62
========================================================================
Received Import Request.
  Time since last request: 0.000014 seconds.
  path: Assets/Prefab/Stone Grass Top.prefab
  artifactKey: Guid(c3d22a81a2838b840b750a185f1f56c8) Importer(815301076,1909f56bfc062723c751e8b465ee728b)
Start importing Assets/Prefab/Stone Grass Top.prefab using Guid(c3d22a81a2838b840b750a185f1f56c8) Importer(815301076,1909f56bfc062723c751e8b465ee728b)  -> (artifact id: '86e9d002defb058a1058e28393302b29') in 0.011378 seconds
Number of updated asset objects reloaded before import = 0
Number of asset objects unloaded after import = 62
========================================================================
Received Import Request.
  Time since last request: 3.370625 seconds.
  path: Assets/Prefab/Grass Stone Down Left.prefab
  artifactKey: Guid(102a8ffec6bb33f4d9e8c5c9582b5ff4) Importer(815301076,1909f56bfc062723c751e8b465ee728b)
Start importing Assets/Prefab/Grass Stone Down Left.prefab using Guid(102a8ffec6bb33f4d9e8c5c9582b5ff4) Importer(815301076,1909f56bfc062723c751e8b465ee728b)  -> (artifact id: '5a12dcc4feb4df46ec5bd7f5b1f89f83') in 0.014194 seconds
Number of updated asset objects reloaded before import = 0
Number of asset objects unloaded after import = 62
========================================================================
Received Import Request.
  Time since last request: 0.000017 seconds.
  path: Assets/Prefab/Stone.prefab
  artifactKey: Guid(4e1c750cef39d9046a870f447112c8e5) Importer(815301076,1909f56bfc062723c751e8b465ee728b)
Start importing Assets/Prefab/Stone.prefab using Guid(4e1c750cef39d9046a870f447112c8e5) Importer(815301076,1909f56bfc062723c751e8b465ee728b)  -> (artifact id: '0e82f9ceff64300951d5abc336fae220') in 0.011184 seconds
Number of updated asset objects reloaded before import = 0
Number of asset objects unloaded after import = 62
========================================================================
Received Import Request.
  Time since last request: 13.785005 seconds.
  path: Assets/Prefab/Grass Stone Down Left.prefab
  artifactKey: Guid(102a8ffec6bb33f4d9e8c5c9582b5ff4) Importer(815301076,1909f56bfc062723c751e8b465ee728b)
Start importing Assets/Prefab/Grass Stone Down Left.prefab using Guid(102a8ffec6bb33f4d9e8c5c9582b5ff4) Importer(815301076,1909f56bfc062723c751e8b465ee728b)  -> (artifact id: '0ac17ec0456756866c2f6ed10681b23a') in 0.011378 seconds
Number of updated asset objects reloaded before import = 0
Number of asset objects unloaded after import = 62
========================================================================
Received Import Request.
  Time since last request: 0.000017 seconds.
  path: Assets/Prefab/Stone Grass Bottom.prefab
  artifactKey: Guid(2cbaf1297158ba24eac41117d27fd9d3) Importer(815301076,1909f56bfc062723c751e8b465ee728b)
Start importing Assets/Prefab/Stone Grass Bottom.prefab using Guid(2cbaf1297158ba24eac41117d27fd9d3) Importer(815301076,1909f56bfc062723c751e8b465ee728b)  -> (artifact id: '76541ee7af4f8401824b1044d99b6435') in 0.018262 seconds
Number of updated asset objects reloaded before import = 0
Number of asset objects unloaded after import = 62
========================================================================
Received Import Request.
  Time since last request: 21.256551 seconds.
  path: Assets/Prefab/Grass Stone Down Left.prefab
  artifactKey: Guid(102a8ffec6bb33f4d9e8c5c9582b5ff4) Importer(815301076,1909f56bfc062723c751e8b465ee728b)
Start importing Assets/Prefab/Grass Stone Down Left.prefab using Guid(102a8ffec6bb33f4d9e8c5c9582b5ff4) Importer(815301076,1909f56bfc062723c751e8b465ee728b)  -> (artifact id: '3f80ce824f224f3b85a6fa0837aca32d') in 0.011503 seconds
Number of updated asset objects reloaded before import = 0
Number of asset objects unloaded after import = 62
========================================================================
Received Import Request.
  Time since last request: 0.000016 seconds.
  path: Assets/Prefab/Stone Grass Bottom.prefab
  artifactKey: Guid(2cbaf1297158ba24eac41117d27fd9d3) Importer(815301076,1909f56bfc062723c751e8b465ee728b)
Start importing Assets/Prefab/Stone Grass Bottom.prefab using Guid(2cbaf1297158ba24eac41117d27fd9d3) Importer(815301076,1909f56bfc062723c751e8b465ee728b)  -> (artifact id: '256bc06d1f1852ed779535d12a67465f') in 0.010481 seconds
Number of updated asset objects reloaded before import = 0
Number of asset objects unloaded after import = 62
========================================================================
Received Import Request.
  Time since last request: 13.836899 seconds.
  path: Assets/Prefab/Grass Stone Down Left.prefab
  artifactKey: Guid(102a8ffec6bb33f4d9e8c5c9582b5ff4) Importer(815301076,1909f56bfc062723c751e8b465ee728b)
Start importing Assets/Prefab/Grass Stone Down Left.prefab using Guid(102a8ffec6bb33f4d9e8c5c9582b5ff4) Importer(815301076,1909f56bfc062723c751e8b465ee728b)  -> (artifact id: 'de6468ec2551ff86518363b32e5000b5') in 0.010477 seconds
Number of updated asset objects reloaded before import = 0
Number of asset objects unloaded after import = 62
========================================================================
Received Import Request.
  Time since last request: 0.000023 seconds.
  path: Assets/Prefab/Stone Grass Top.prefab
  artifactKey: Guid(c3d22a81a2838b840b750a185f1f56c8) Importer(815301076,1909f56bfc062723c751e8b465ee728b)
Start importing Assets/Prefab/Stone Grass Top.prefab using Guid(c3d22a81a2838b840b750a185f1f56c8) Importer(815301076,1909f56bfc062723c751e8b465ee728b)  -> (artifact id: 'f5fc78692073c5efb7b98c4092a696ed') in 0.015575 seconds
Number of updated asset objects reloaded before import = 0
Number of asset objects unloaded after import = 62
========================================================================
Received Import Request.
  Time since last request: 4.059190 seconds.
  path: Assets/Prefab/Grass Stone Down Left.prefab
  artifactKey: Guid(102a8ffec6bb33f4d9e8c5c9582b5ff4) Importer(815301076,1909f56bfc062723c751e8b465ee728b)
Start importing Assets/Prefab/Grass Stone Down Left.prefab using Guid(102a8ffec6bb33f4d9e8c5c9582b5ff4) Importer(815301076,1909f56bfc062723c751e8b465ee728b)  -> (artifact id: 'faf3faf838b3ea2148c9cf7be46cea8e') in 0.013331 seconds
Number of updated asset objects reloaded before import = 0
Number of asset objects unloaded after import = 62
========================================================================
Received Import Request.
  Time since last request: 0.000016 seconds.
  path: Assets/Prefab/Stone Grass Right.prefab
  artifactKey: Guid(89dea73a2bc4a784b83f1f8b588b66a6) Importer(815301076,1909f56bfc062723c751e8b465ee728b)
Start importing Assets/Prefab/Stone Grass Right.prefab using Guid(89dea73a2bc4a784b83f1f8b588b66a6) Importer(815301076,1909f56bfc062723c751e8b465ee728b)  -> (artifact id: 'a05e4bd52d8af40efb3013939f1a553f') in 0.010872 seconds
Number of updated asset objects reloaded before import = 0
Number of asset objects unloaded after import = 62
========================================================================
Received Import Request.
  Time since last request: 9.623392 seconds.
  path: Assets/Prefab/Grass Stone Down Left.prefab
  artifactKey: Guid(102a8ffec6bb33f4d9e8c5c9582b5ff4) Importer(815301076,1909f56bfc062723c751e8b465ee728b)
Start importing Assets/Prefab/Grass Stone Down Left.prefab using Guid(102a8ffec6bb33f4d9e8c5c9582b5ff4) Importer(815301076,1909f56bfc062723c751e8b465ee728b)  -> (artifact id: '0b2f6152b483c91f4e5e7854ffb223dd') in 0.014650 seconds
Number of updated asset objects reloaded before import = 0
Number of asset objects unloaded after import = 62
========================================================================
Received Import Request.
  Time since last request: 0.000013 seconds.
  path: Assets/Prefab/Stone Grass Right.prefab
  artifactKey: Guid(89dea73a2bc4a784b83f1f8b588b66a6) Importer(815301076,1909f56bfc062723c751e8b465ee728b)
Start importing Assets/Prefab/Stone Grass Right.prefab using Guid(89dea73a2bc4a784b83f1f8b588b66a6) Importer(815301076,1909f56bfc062723c751e8b465ee728b)  -> (artifact id: 'ed0e2ae473040b28c815dd564d319baf') in 0.010437 seconds
Number of updated asset objects reloaded before import = 0
Number of asset objects unloaded after import = 62
========================================================================
Received Import Request.
  Time since last request: 0.975738 seconds.
  path: Assets/Prefab/Grass Stone Down Left.prefab
  artifactKey: Guid(102a8ffec6bb33f4d9e8c5c9582b5ff4) Importer(815301076,1909f56bfc062723c751e8b465ee728b)
Start importing Assets/Prefab/Grass Stone Down Left.prefab using Guid(102a8ffec6bb33f4d9e8c5c9582b5ff4) Importer(815301076,1909f56bfc062723c751e8b465ee728b)  -> (artifact id: 'db087f6da27cddc8321e1ca46a27bb8b') in 0.014786 seconds
Number of updated asset objects reloaded before import = 0
Number of asset objects unloaded after import = 62
========================================================================
Received Import Request.
  Time since last request: 0.000019 seconds.
  path: Assets/Prefab/Stone.prefab
  artifactKey: Guid(4e1c750cef39d9046a870f447112c8e5) Importer(815301076,1909f56bfc062723c751e8b465ee728b)
Start importing Assets/Prefab/Stone.prefab using Guid(4e1c750cef39d9046a870f447112c8e5) Importer(815301076,1909f56bfc062723c751e8b465ee728b)  -> (artifact id: '79c301dfd21db9c3c889740c51dcab2c') in 0.010880 seconds
Number of updated asset objects reloaded before import = 0
Number of asset objects unloaded after import = 62
========================================================================
Received Import Request.
  Time since last request: 1.901881 seconds.
  path: Assets/Prefab/Grass Stone Down Left.prefab
  artifactKey: Guid(102a8ffec6bb33f4d9e8c5c9582b5ff4) Importer(815301076,1909f56bfc062723c751e8b465ee728b)
Start importing Assets/Prefab/Grass Stone Down Left.prefab using Guid(102a8ffec6bb33f4d9e8c5c9582b5ff4) Importer(815301076,1909f56bfc062723c751e8b465ee728b)  -> (artifact id: '9f13afef79d46b658416f8beb5f93f18') in 0.011277 seconds
Number of updated asset objects reloaded before import = 0
Number of asset objects unloaded after import = 62
========================================================================
Received Import Request.
  Time since last request: 0.000023 seconds.
  path: Assets/Prefab/Stone Grass Left.prefab
  artifactKey: Guid(514f603144d47534aa71bf997c9677b6) Importer(815301076,1909f56bfc062723c751e8b465ee728b)
Start importing Assets/Prefab/Stone Grass Left.prefab using Guid(514f603144d47534aa71bf997c9677b6) Importer(815301076,1909f56bfc062723c751e8b465ee728b)  -> (artifact id: '44907a40600a8539d75005cfd2eeedeb') in 0.014801 seconds
Number of updated asset objects reloaded before import = 0
Number of asset objects unloaded after import = 62
Editor requested this worker to shutdown with reason: Scaling down because of idle timeout
TcpMessagingSession - receive error: operation aborted. errorcode: 995, details: The I/O operation has been aborted because of either a thread exit or an application request.
AssetImportWorker is now disconnected from the server
Process exiting
Exiting without the bug reporter. Application will terminate with return code 0